<?xml version="1.0" encoding="UTF-8"?>
<testng-results ignored="0" total="41" passed="38" failed="3" skipped="0">
  <reporter-output>
  </reporter-output>
  <suite started-at="2024-05-20T20:33:46 IST" name="IDEAL" finished-at="2024-05-20T20:37:35 IST" duration-ms="228635">
    <groups>
    </groups>
    <test started-at="2024-05-20T20:33:46 IST" name="DataExchangeAdmin" finished-at="2024-05-20T20:37:35 IST" duration-ms="228635">
      <class name="com.qa.tests.DataExchangeAdmin">
        <test-method is-config="true" signature="setup()[pri:0, instance:com.qa.tests.DataExchangeAdmin@6f46426d]" started-at="2024-05-20T20:33:46 IST" name="setup" finished-at="2024-05-20T20:33:46 IST" duration-ms="4" status="PASS">
          <reporter-output>
          </reporter-output>
        </test-method> <!-- setup -->
        <test-method signature="Credentilas()[pri:1, instance:com.qa.tests.DataExchangeAdmin@6f46426d]" started-at="2024-05-20T20:33:46 IST" name="Credentilas" finished-at="2024-05-20T20:33:50 IST" duration-ms="3999" status="PASS">
          <reporter-output>
          </reporter-output>
        </test-method> <!-- Credentilas -->
        <test-method is-config="true" signature="setup()[pri:0, instance:com.qa.tests.DataExchangeAdmin@6f46426d]" started-at="2024-05-20T20:33:50 IST" name="setup" finished-at="2024-05-20T20:33:50 IST" duration-ms="3" status="PASS">
          <reporter-output>
          </reporter-output>
        </test-method> <!-- setup -->
        <test-method signature="Admin_APIConnectivity()[pri:2, instance:com.qa.tests.DataExchangeAdmin@6f46426d]" started-at="2024-05-20T20:33:50 IST" name="Admin_APIConnectivity" finished-at="2024-05-20T20:33:51 IST" duration-ms="936" status="PASS">
          <reporter-output>
          </reporter-output>
        </test-method> <!-- Admin_APIConnectivity -->
        <test-method is-config="true" signature="setup()[pri:0, instance:com.qa.tests.DataExchangeAdmin@6f46426d]" started-at="2024-05-20T20:33:51 IST" name="setup" finished-at="2024-05-20T20:33:51 IST" duration-ms="3" status="PASS">
          <reporter-output>
          </reporter-output>
        </test-method> <!-- setup -->
        <test-method signature="AdminDashboard()[pri:3, instance:com.qa.tests.DataExchangeAdmin@6f46426d]" started-at="2024-05-20T20:33:51 IST" name="AdminDashboard" finished-at="2024-05-20T20:33:53 IST" duration-ms="1526" status="PASS">
          <reporter-output>
          </reporter-output>
        </test-method> <!-- AdminDashboard -->
        <test-method is-config="true" signature="setup()[pri:0, instance:com.qa.tests.DataExchangeAdmin@6f46426d]" started-at="2024-05-20T20:33:53 IST" name="setup" finished-at="2024-05-20T20:33:53 IST" duration-ms="2" status="PASS">
          <reporter-output>
          </reporter-output>
        </test-method> <!-- setup -->
        <test-method signature="Admin_SearchUsersByName()[pri:4, instance:com.qa.tests.DataExchangeAdmin@6f46426d]" started-at="2024-05-20T20:33:53 IST" name="Admin_SearchUsersByName" finished-at="2024-05-20T20:33:54 IST" duration-ms="1266" status="PASS">
          <reporter-output>
          </reporter-output>
        </test-method> <!-- Admin_SearchUsersByName -->
        <test-method is-config="true" signature="setup()[pri:0, instance:com.qa.tests.DataExchangeAdmin@6f46426d]" started-at="2024-05-20T20:33:54 IST" name="setup" finished-at="2024-05-20T20:33:54 IST" duration-ms="3" status="PASS">
          <reporter-output>
          </reporter-output>
        </test-method> <!-- setup -->
        <test-method signature="Admin_IsUserPresent()[pri:5, instance:com.qa.tests.DataExchangeAdmin@6f46426d]" started-at="2024-05-20T20:33:54 IST" name="Admin_IsUserPresent" finished-at="2024-05-20T20:33:56 IST" duration-ms="1419" status="PASS">
          <reporter-output>
          </reporter-output>
        </test-method> <!-- Admin_IsUserPresent -->
        <test-method is-config="true" signature="setup()[pri:0, instance:com.qa.tests.DataExchangeAdmin@6f46426d]" started-at="2024-05-20T20:33:56 IST" name="setup" finished-at="2024-05-20T20:33:56 IST" duration-ms="4" status="PASS">
          <reporter-output>
          </reporter-output>
        </test-method> <!-- setup -->
        <test-method signature="CustomAttributes()[pri:6, instance:com.qa.tests.DataExchangeAdmin@6f46426d]" started-at="2024-05-20T20:33:56 IST" name="CustomAttributes" finished-at="2024-05-20T20:33:58 IST" duration-ms="2407" status="PASS">
          <reporter-output>
          </reporter-output>
        </test-method> <!-- CustomAttributes -->
        <test-method is-config="true" signature="setup()[pri:0, instance:com.qa.tests.DataExchangeAdmin@6f46426d]" started-at="2024-05-20T20:33:58 IST" name="setup" finished-at="2024-05-20T20:33:58 IST" duration-ms="0" status="PASS">
          <reporter-output>
          </reporter-output>
        </test-method> <!-- setup -->
        <test-method signature="UpdateSystemUser()[pri:8, instance:com.qa.tests.DataExchangeAdmin@6f46426d]" started-at="2024-05-20T20:33:58 IST" name="UpdateSystemUser" finished-at="2024-05-20T20:33:59 IST" duration-ms="910" status="PASS">
          <reporter-output>
          </reporter-output>
        </test-method> <!-- UpdateSystemUser -->
        <test-method is-config="true" signature="setup()[pri:0, instance:com.qa.tests.DataExchangeAdmin@6f46426d]" started-at="2024-05-20T20:33:59 IST" name="setup" finished-at="2024-05-20T20:33:59 IST" duration-ms="3" status="PASS">
          <reporter-output>
          </reporter-output>
        </test-method> <!-- setup -->
        <test-method signature="EnableDisableSystemUser()[pri:9, instance:com.qa.tests.DataExchangeAdmin@6f46426d]" started-at="2024-05-20T20:33:59 IST" name="EnableDisableSystemUser" finished-at="2024-05-20T20:34:00 IST" duration-ms="1343" status="PASS">
          <reporter-output>
          </reporter-output>
        </test-method> <!-- EnableDisableSystemUser -->
        <test-method is-config="true" signature="setup()[pri:0, instance:com.qa.tests.DataExchangeAdmin@6f46426d]" started-at="2024-05-20T20:34:00 IST" name="setup" finished-at="2024-05-20T20:34:00 IST" duration-ms="3" status="PASS">
          <reporter-output>
          </reporter-output>
        </test-method> <!-- setup -->
        <test-method signature="AgencyDistribution()[pri:10, instance:com.qa.tests.DataExchangeAdmin@6f46426d]" started-at="2024-05-20T20:34:00 IST" name="AgencyDistribution" finished-at="2024-05-20T20:34:03 IST" duration-ms="2363" status="PASS">
          <reporter-output>
          </reporter-output>
        </test-method> <!-- AgencyDistribution -->
        <test-method is-config="true" signature="setup()[pri:0, instance:com.qa.tests.DataExchangeAdmin@6f46426d]" started-at="2024-05-20T20:34:03 IST" name="setup" finished-at="2024-05-20T20:34:03 IST" duration-ms="2" status="PASS">
          <reporter-output>
          </reporter-output>
        </test-method> <!-- setup -->
        <test-method signature="AgencyAll()[pri:11, instance:com.qa.tests.DataExchangeAdmin@6f46426d]" started-at="2024-05-20T20:34:03 IST" name="AgencyAll" finished-at="2024-05-20T20:34:05 IST" duration-ms="2314" status="PASS">
          <reporter-output>
          </reporter-output>
        </test-method> <!-- AgencyAll -->
        <test-method is-config="true" signature="setup()[pri:0, instance:com.qa.tests.DataExchangeAdmin@6f46426d]" started-at="2024-05-20T20:34:05 IST" name="setup" finished-at="2024-05-20T20:34:05 IST" duration-ms="2" status="PASS">
          <reporter-output>
          </reporter-output>
        </test-method> <!-- setup -->
        <test-method signature="historicalbatches()[pri:14, instance:com.qa.tests.DataExchangeAdmin@6f46426d]" started-at="2024-05-20T20:34:05 IST" name="historicalbatches" finished-at="2024-05-20T20:34:06 IST" duration-ms="990" status="PASS">
          <reporter-output>
          </reporter-output>
        </test-method> <!-- historicalbatches -->
        <test-method is-config="true" signature="setup()[pri:0, instance:com.qa.tests.DataExchangeAdmin@6f46426d]" started-at="2024-05-20T20:34:06 IST" name="setup" finished-at="2024-05-20T20:34:06 IST" duration-ms="3" status="PASS">
          <reporter-output>
          </reporter-output>
        </test-method> <!-- setup -->
        <test-method signature="batchdetail()[pri:16, instance:com.qa.tests.DataExchangeAdmin@6f46426d]" started-at="2024-05-20T20:34:06 IST" name="batchdetail" finished-at="2024-05-20T20:34:07 IST" duration-ms="972" status="PASS">
          <reporter-output>
          </reporter-output>
        </test-method> <!-- batchdetail -->
        <test-method is-config="true" signature="setup()[pri:0, instance:com.qa.tests.DataExchangeAdmin@6f46426d]" started-at="2024-05-20T20:34:07 IST" name="setup" finished-at="2024-05-20T20:34:07 IST" duration-ms="3" status="PASS">
          <reporter-output>
          </reporter-output>
        </test-method> <!-- setup -->
        <test-method signature="downloadbatchdetail()[pri:17, instance:com.qa.tests.DataExchangeAdmin@6f46426d]" started-at="2024-05-20T20:34:07 IST" name="downloadbatchdetail" finished-at="2024-05-20T20:34:08 IST" duration-ms="1302" status="PASS">
          <reporter-output>
          </reporter-output>
        </test-method> <!-- downloadbatchdetail -->
        <test-method is-config="true" signature="setup()[pri:0, instance:com.qa.tests.DataExchangeAdmin@6f46426d]" started-at="2024-05-20T20:34:08 IST" name="setup" finished-at="2024-05-20T20:34:08 IST" duration-ms="2" status="PASS">
          <reporter-output>
          </reporter-output>
        </test-method> <!-- setup -->
        <test-method signature="client()[pri:18, instance:com.qa.tests.DataExchangeAdmin@6f46426d]" started-at="2024-05-20T20:34:08 IST" name="client" finished-at="2024-05-20T20:34:09 IST" duration-ms="934" status="PASS">
          <reporter-output>
          </reporter-output>
        </test-method> <!-- client -->
        <test-method is-config="true" signature="setup()[pri:0, instance:com.qa.tests.DataExchangeAdmin@6f46426d]" started-at="2024-05-20T20:34:09 IST" name="setup" finished-at="2024-05-20T20:34:09 IST" duration-ms="2" status="PASS">
          <reporter-output>
          </reporter-output>
        </test-method> <!-- setup -->
        <test-method signature="mapping()[pri:18, instance:com.qa.tests.DataExchangeAdmin@6f46426d]" started-at="2024-05-20T20:34:09 IST" name="mapping" finished-at="2024-05-20T20:34:11 IST" duration-ms="1318" status="PASS">
          <reporter-output>
          </reporter-output>
        </test-method> <!-- mapping -->
        <test-method is-config="true" signature="setup()[pri:0, instance:com.qa.tests.DataExchangeAdmin@6f46426d]" started-at="2024-05-20T20:34:11 IST" name="setup" finished-at="2024-05-20T20:34:11 IST" duration-ms="3" status="PASS">
          <reporter-output>
          </reporter-output>
        </test-method> <!-- setup -->
        <test-method signature="alertmessage()[pri:20, instance:com.qa.tests.DataExchangeAdmin@6f46426d]" started-at="2024-05-20T20:34:11 IST" name="alertmessage" finished-at="2024-05-20T20:34:12 IST" duration-ms="1021" status="PASS">
          <reporter-output>
          </reporter-output>
        </test-method> <!-- alertmessage -->
        <test-method is-config="true" signature="setup()[pri:0, instance:com.qa.tests.DataExchangeAdmin@6f46426d]" started-at="2024-05-20T20:34:12 IST" name="setup" finished-at="2024-05-20T20:34:12 IST" duration-ms="2" status="PASS">
          <reporter-output>
          </reporter-output>
        </test-method> <!-- setup -->
        <test-method signature="reference_agency()[pri:21, instance:com.qa.tests.DataExchangeAdmin@6f46426d]" started-at="2024-05-20T20:34:12 IST" name="reference_agency" finished-at="2024-05-20T20:34:13 IST" duration-ms="999" status="PASS">
          <reporter-output>
          </reporter-output>
        </test-method> <!-- reference_agency -->
        <test-method is-config="true" signature="setup()[pri:0, instance:com.qa.tests.DataExchangeAdmin@6f46426d]" started-at="2024-05-20T20:34:13 IST" name="setup" finished-at="2024-05-20T20:34:13 IST" duration-ms="2" status="PASS">
          <reporter-output>
          </reporter-output>
        </test-method> <!-- setup -->
        <test-method signature="reference_role()[pri:22, instance:com.qa.tests.DataExchangeAdmin@6f46426d]" started-at="2024-05-20T20:34:13 IST" name="reference_role" finished-at="2024-05-20T20:34:14 IST" duration-ms="947" status="PASS">
          <reporter-output>
          </reporter-output>
        </test-method> <!-- reference_role -->
        <test-method is-config="true" signature="setup()[pri:0, instance:com.qa.tests.DataExchangeAdmin@6f46426d]" started-at="2024-05-20T20:34:14 IST" name="setup" finished-at="2024-05-20T20:34:14 IST" duration-ms="2" status="PASS">
          <reporter-output>
          </reporter-output>
        </test-method> <!-- setup -->
        <test-method signature="reference_userdisablereason()[pri:23, instance:com.qa.tests.DataExchangeAdmin@6f46426d]" started-at="2024-05-20T20:34:14 IST" name="reference_userdisablereason" finished-at="2024-05-20T20:34:15 IST" duration-ms="1063" status="PASS">
          <reporter-output>
          </reporter-output>
        </test-method> <!-- reference_userdisablereason -->
        <test-method is-config="true" signature="setup()[pri:0, instance:com.qa.tests.DataExchangeAdmin@6f46426d]" started-at="2024-05-20T20:34:15 IST" name="setup" finished-at="2024-05-20T20:34:15 IST" duration-ms="5" status="PASS">
          <reporter-output>
          </reporter-output>
        </test-method> <!-- setup -->
        <test-method signature="reeference_template()[pri:24, instance:com.qa.tests.DataExchangeAdmin@6f46426d]" started-at="2024-05-20T20:34:15 IST" name="reeference_template" finished-at="2024-05-20T20:34:44 IST" duration-ms="29112" status="PASS">
          <reporter-output>
          </reporter-output>
        </test-method> <!-- reeference_template -->
        <test-method is-config="true" signature="setup()[pri:0, instance:com.qa.tests.DataExchangeAdmin@6f46426d]" started-at="2024-05-20T20:34:44 IST" name="setup" finished-at="2024-05-20T20:34:44 IST" duration-ms="2" status="PASS">
          <reporter-output>
          </reporter-output>
        </test-method> <!-- setup -->
        <test-method signature="reports_landing()[pri:25, instance:com.qa.tests.DataExchangeAdmin@6f46426d]" started-at="2024-05-20T20:34:44 IST" name="reports_landing" finished-at="2024-05-20T20:34:45 IST" duration-ms="957" status="PASS">
          <reporter-output>
          </reporter-output>
        </test-method> <!-- reports_landing -->
        <test-method is-config="true" signature="setup()[pri:0, instance:com.qa.tests.DataExchangeAdmin@6f46426d]" started-at="2024-05-20T20:34:45 IST" name="setup" finished-at="2024-05-20T20:34:45 IST" duration-ms="8" status="PASS">
          <reporter-output>
          </reporter-output>
        </test-method> <!-- setup -->
        <test-method signature="reports_failedlogins()[pri:26, instance:com.qa.tests.DataExchangeAdmin@6f46426d]" started-at="2024-05-20T20:34:45 IST" name="reports_failedlogins" finished-at="2024-05-20T20:35:20 IST" duration-ms="35342" status="PASS">
          <reporter-output>
          </reporter-output>
        </test-method> <!-- reports_failedlogins -->
        <test-method is-config="true" signature="setup()[pri:0, instance:com.qa.tests.DataExchangeAdmin@6f46426d]" started-at="2024-05-20T20:35:20 IST" name="setup" finished-at="2024-05-20T20:35:20 IST" duration-ms="3" status="PASS">
          <reporter-output>
          </reporter-output>
        </test-method> <!-- setup -->
        <test-method signature="reports_activelogins()[pri:27, instance:com.qa.tests.DataExchangeAdmin@6f46426d]" started-at="2024-05-20T20:35:20 IST" name="reports_activelogins" finished-at="2024-05-20T20:35:44 IST" duration-ms="24361" status="FAIL">
          <exception class="org.json.JSONException">
            <message>
              <![CDATA[JSONArray[0] not found.]]>
            </message>
            <full-stacktrace>
              <![CDATA[org.json.JSONException: JSONArray[0] not found.
at org.json.JSONArray.get(JSONArray.java:264)
at com.qa.util.TestUtil.getValueByjpath(TestUtil.java:16)
at com.qa.tests.DataExchangeAdmin.reports_activelogins(DataExchangeAdmin.java:1134)
at java.base/jdk.internal.reflect.NativeMethodAccessorImpl.invoke0(Native Method)
at java.base/jdk.internal.reflect.NativeMethodAccessorImpl.invoke(NativeMethodAccessorImpl.java:77)
at java.base/jdk.internal.reflect.DelegatingMethodAccessorImpl.invoke(DelegatingMethodAccessorImpl.java:43)
at java.base/java.lang.reflect.Method.invoke(Method.java:568)
at org.testng.internal.MethodInvocationHelper.invokeMethod(MethodInvocationHelper.java:134)
at org.testng.internal.TestInvoker.invokeMethod(TestInvoker.java:597)
at org.testng.internal.TestInvoker.invokeTestMethod(TestInvoker.java:173)
at org.testng.internal.MethodRunner.runInSequence(MethodRunner.java:46)
at org.testng.internal.TestInvoker$MethodInvocationAgent.invoke(TestInvoker.java:816)
at org.testng.internal.TestInvoker.invokeTestMethods(TestInvoker.java:146)
at org.testng.internal.TestMethodWorker.invokeTestMethods(TestMethodWorker.java:146)
at org.testng.internal.TestMethodWorker.run(TestMethodWorker.java:128)
at java.base/java.util.ArrayList.forEach(ArrayList.java:1511)
at org.testng.TestRunner.privateRun(TestRunner.java:766)
at org.testng.TestRunner.run(TestRunner.java:587)
at org.testng.SuiteRunner.runTest(SuiteRunner.java:384)
at org.testng.SuiteRunner.runSequentially(SuiteRunner.java:378)
at org.testng.SuiteRunner.privateRun(SuiteRunner.java:337)
at org.testng.SuiteRunner.run(SuiteRunner.java:286)
at org.testng.SuiteRunnerWorker.runSuite(SuiteRunnerWorker.java:53)
at org.testng.SuiteRunnerWorker.run(SuiteRunnerWorker.java:96)
at org.testng.TestNG.runSuitesSequentially(TestNG.java:1187)
at org.testng.TestNG.runSuitesLocally(TestNG.java:1109)
at org.testng.TestNG.runSuites(TestNG.java:1039)
at org.testng.TestNG.run(TestNG.java:1007)
at org.testng.remote.AbstractRemoteTestNG.run(AbstractRemoteTestNG.java:115)
at org.testng.remote.RemoteTestNG.initAndRun(RemoteTestNG.java:251)
at org.testng.remote.RemoteTestNG.main(RemoteTestNG.java:77)
]]>
            </full-stacktrace>
          </exception> <!-- org.json.JSONException -->
          <reporter-output>
          </reporter-output>
        </test-method> <!-- reports_activelogins -->
        <test-method is-config="true" signature="setup()[pri:0, instance:com.qa.tests.DataExchangeAdmin@6f46426d]" started-at="2024-05-20T20:35:44 IST" name="setup" finished-at="2024-05-20T20:35:44 IST" duration-ms="3" status="PASS">
          <reporter-output>
          </reporter-output>
        </test-method> <!-- setup -->
        <test-method signature="reports_loginhistory()[pri:28, instance:com.qa.tests.DataExchangeAdmin@6f46426d]" started-at="2024-05-20T20:35:44 IST" name="reports_loginhistory" finished-at="2024-05-20T20:36:39 IST" duration-ms="54376" status="PASS">
          <reporter-output>
          </reporter-output>
        </test-method> <!-- reports_loginhistory -->
        <test-method is-config="true" signature="setup()[pri:0, instance:com.qa.tests.DataExchangeAdmin@6f46426d]" started-at="2024-05-20T20:36:39 IST" name="setup" finished-at="2024-05-20T20:36:39 IST" duration-ms="2" status="PASS">
          <reporter-output>
          </reporter-output>
        </test-method> <!-- setup -->
        <test-method signature="reports_newaccounts()[pri:29, instance:com.qa.tests.DataExchangeAdmin@6f46426d]" started-at="2024-05-20T20:36:39 IST" name="reports_newaccounts" finished-at="2024-05-20T20:36:44 IST" duration-ms="4639" status="PASS">
          <reporter-output>
          </reporter-output>
        </test-method> <!-- reports_newaccounts -->
        <test-method is-config="true" signature="setup()[pri:0, instance:com.qa.tests.DataExchangeAdmin@6f46426d]" started-at="2024-05-20T20:36:44 IST" name="setup" finished-at="2024-05-20T20:36:44 IST" duration-ms="1" status="PASS">
          <reporter-output>
          </reporter-output>
        </test-method> <!-- setup -->
        <test-method signature="reports_queryhistory()[pri:30, instance:com.qa.tests.DataExchangeAdmin@6f46426d]" started-at="2024-05-20T20:36:44 IST" name="reports_queryhistory" finished-at="2024-05-20T20:36:45 IST" duration-ms="1960" status="PASS">
          <reporter-output>
          </reporter-output>
        </test-method> <!-- reports_queryhistory -->
        <test-method is-config="true" signature="setup()[pri:0, instance:com.qa.tests.DataExchangeAdmin@6f46426d]" started-at="2024-05-20T20:36:45 IST" name="setup" finished-at="2024-05-20T20:36:45 IST" duration-ms="3" status="PASS">
          <reporter-output>
          </reporter-output>
        </test-method> <!-- setup -->
        <test-method signature="reports_seaechesperformedbyuser()[pri:32, instance:com.qa.tests.DataExchangeAdmin@6f46426d]" started-at="2024-05-20T20:36:45 IST" name="reports_seaechesperformedbyuser" finished-at="2024-05-20T20:36:48 IST" duration-ms="2278" status="PASS">
          <reporter-output>
          </reporter-output>
        </test-method> <!-- reports_seaechesperformedbyuser -->
        <test-method is-config="true" signature="setup()[pri:0, instance:com.qa.tests.DataExchangeAdmin@6f46426d]" started-at="2024-05-20T20:36:48 IST" name="setup" finished-at="2024-05-20T20:36:48 IST" duration-ms="1" status="PASS">
          <reporter-output>
          </reporter-output>
        </test-method> <!-- setup -->
        <test-method signature="reports_multiauthorization()[pri:33, instance:com.qa.tests.DataExchangeAdmin@6f46426d]" started-at="2024-05-20T20:36:48 IST" name="reports_multiauthorization" finished-at="2024-05-20T20:36:51 IST" duration-ms="3493" status="PASS">
          <reporter-output>
          </reporter-output>
        </test-method> <!-- reports_multiauthorization -->
        <test-method is-config="true" signature="setup()[pri:0, instance:com.qa.tests.DataExchangeAdmin@6f46426d]" started-at="2024-05-20T20:36:51 IST" name="setup" finished-at="2024-05-20T20:36:51 IST" duration-ms="2" status="PASS">
          <reporter-output>
          </reporter-output>
        </test-method> <!-- setup -->
        <test-method signature="reports_entitydetails()[pri:34, instance:com.qa.tests.DataExchangeAdmin@6f46426d]" started-at="2024-05-20T20:36:51 IST" name="reports_entitydetails" finished-at="2024-05-20T20:36:53 IST" duration-ms="1375" status="PASS">
          <reporter-output>
          </reporter-output>
        </test-method> <!-- reports_entitydetails -->
        <test-method is-config="true" signature="setup()[pri:0, instance:com.qa.tests.DataExchangeAdmin@6f46426d]" started-at="2024-05-20T20:36:53 IST" name="setup" finished-at="2024-05-20T20:36:53 IST" duration-ms="3" status="PASS">
          <reporter-output>
          </reporter-output>
        </test-method> <!-- setup -->
        <test-method signature="reports_employeeworkinghours()[pri:35, instance:com.qa.tests.DataExchangeAdmin@6f46426d]" started-at="2024-05-20T20:36:53 IST" name="reports_employeeworkinghours" finished-at="2024-05-20T20:37:23 IST" duration-ms="29923" status="PASS">
          <reporter-output>
          </reporter-output>
        </test-method> <!-- reports_employeeworkinghours -->
        <test-method is-config="true" signature="setup()[pri:0, instance:com.qa.tests.DataExchangeAdmin@6f46426d]" started-at="2024-05-20T20:37:23 IST" name="setup" finished-at="2024-05-20T20:37:23 IST" duration-ms="1" status="PASS">
          <reporter-output>
          </reporter-output>
        </test-method> <!-- setup -->
        <test-method signature="searchreason()[pri:36, instance:com.qa.tests.DataExchangeAdmin@6f46426d]" started-at="2024-05-20T20:37:23 IST" name="searchreason" finished-at="2024-05-20T20:37:24 IST" duration-ms="978" status="FAIL">
          <exception class="org.json.JSONException">
            <message>
              <![CDATA[JSONObject["clientname"] not found.]]>
            </message>
            <full-stacktrace>
              <![CDATA[org.json.JSONException: JSONObject["clientname"] not found.
at org.json.JSONObject.get(JSONObject.java:572)
at com.qa.util.TestUtil.getValueByjpath(TestUtil.java:14)
at com.qa.tests.DataExchangeAdmin.searchreason(DataExchangeAdmin.java:1361)
at java.base/jdk.internal.reflect.NativeMethodAccessorImpl.invoke0(Native Method)
at java.base/jdk.internal.reflect.NativeMethodAccessorImpl.invoke(NativeMethodAccessorImpl.java:77)
at java.base/jdk.internal.reflect.DelegatingMethodAccessorImpl.invoke(DelegatingMethodAccessorImpl.java:43)
at java.base/java.lang.reflect.Method.invoke(Method.java:568)
at org.testng.internal.MethodInvocationHelper.invokeMethod(MethodInvocationHelper.java:134)
at org.testng.internal.TestInvoker.invokeMethod(TestInvoker.java:597)
at org.testng.internal.TestInvoker.invokeTestMethod(TestInvoker.java:173)
at org.testng.internal.MethodRunner.runInSequence(MethodRunner.java:46)
at org.testng.internal.TestInvoker$MethodInvocationAgent.invoke(TestInvoker.java:816)
at org.testng.internal.TestInvoker.invokeTestMethods(TestInvoker.java:146)
at org.testng.internal.TestMethodWorker.invokeTestMethods(TestMethodWorker.java:146)
at org.testng.internal.TestMethodWorker.run(TestMethodWorker.java:128)
at java.base/java.util.ArrayList.forEach(ArrayList.java:1511)
at org.testng.TestRunner.privateRun(TestRunner.java:766)
at org.testng.TestRunner.run(TestRunner.java:587)
at org.testng.SuiteRunner.runTest(SuiteRunner.java:384)
at org.testng.SuiteRunner.runSequentially(SuiteRunner.java:378)
at org.testng.SuiteRunner.privateRun(SuiteRunner.java:337)
at org.testng.SuiteRunner.run(SuiteRunner.java:286)
at org.testng.SuiteRunnerWorker.runSuite(SuiteRunnerWorker.java:53)
at org.testng.SuiteRunnerWorker.run(SuiteRunnerWorker.java:96)
at org.testng.TestNG.runSuitesSequentially(TestNG.java:1187)
at org.testng.TestNG.runSuitesLocally(TestNG.java:1109)
at org.testng.TestNG.runSuites(TestNG.java:1039)
at org.testng.TestNG.run(TestNG.java:1007)
at org.testng.remote.AbstractRemoteTestNG.run(AbstractRemoteTestNG.java:115)
at org.testng.remote.RemoteTestNG.initAndRun(RemoteTestNG.java:251)
at org.testng.remote.RemoteTestNG.main(RemoteTestNG.java:77)
]]>
            </full-stacktrace>
          </exception> <!-- org.json.JSONException -->
          <reporter-output>
          </reporter-output>
        </test-method> <!-- searchreason -->
        <test-method is-config="true" signature="setup()[pri:0, instance:com.qa.tests.DataExchangeAdmin@6f46426d]" started-at="2024-05-20T20:37:24 IST" name="setup" finished-at="2024-05-20T20:37:24 IST" duration-ms="1" status="PASS">
          <reporter-output>
          </reporter-output>
        </test-method> <!-- setup -->
        <test-method signature="searchreasondetail()[pri:37, instance:com.qa.tests.DataExchangeAdmin@6f46426d]" started-at="2024-05-20T20:37:24 IST" name="searchreasondetail" finished-at="2024-05-20T20:37:24 IST" duration-ms="929" status="PASS">
          <reporter-output>
          </reporter-output>
        </test-method> <!-- searchreasondetail -->
        <test-method is-config="true" signature="setup()[pri:0, instance:com.qa.tests.DataExchangeAdmin@6f46426d]" started-at="2024-05-20T20:37:24 IST" name="setup" finished-at="2024-05-20T20:37:24 IST" duration-ms="1" status="PASS">
          <reporter-output>
          </reporter-output>
        </test-method> <!-- setup -->
        <test-method signature="searchreasonsusers()[pri:39, instance:com.qa.tests.DataExchangeAdmin@6f46426d]" started-at="2024-05-20T20:37:24 IST" name="searchreasonsusers" finished-at="2024-05-20T20:37:26 IST" duration-ms="1519" status="PASS">
          <reporter-output>
          </reporter-output>
        </test-method> <!-- searchreasonsusers -->
        <test-method is-config="true" signature="setup()[pri:0, instance:com.qa.tests.DataExchangeAdmin@6f46426d]" started-at="2024-05-20T20:37:26 IST" name="setup" finished-at="2024-05-20T20:37:26 IST" duration-ms="3" status="PASS">
          <reporter-output>
          </reporter-output>
        </test-method> <!-- setup -->
        <test-method signature="individualsearch()[pri:40, instance:com.qa.tests.DataExchangeAdmin@6f46426d]" started-at="2024-05-20T20:37:26 IST" name="individualsearch" finished-at="2024-05-20T20:37:27 IST" duration-ms="1009" status="PASS">
          <reporter-output>
          </reporter-output>
        </test-method> <!-- individualsearch -->
        <test-method is-config="true" signature="setup()[pri:0, instance:com.qa.tests.DataExchangeAdmin@6f46426d]" started-at="2024-05-20T20:37:27 IST" name="setup" finished-at="2024-05-20T20:37:27 IST" duration-ms="1" status="PASS">
          <reporter-output>
          </reporter-output>
        </test-method> <!-- setup -->
        <test-method signature="entitysearch()[pri:41, instance:com.qa.tests.DataExchangeAdmin@6f46426d]" started-at="2024-05-20T20:37:27 IST" name="entitysearch" finished-at="2024-05-20T20:37:28 IST" duration-ms="915" status="PASS">
          <reporter-output>
          </reporter-output>
        </test-method> <!-- entitysearch -->
        <test-method is-config="true" signature="setup()[pri:0, instance:com.qa.tests.DataExchangeAdmin@6f46426d]" started-at="2024-05-20T20:37:28 IST" name="setup" finished-at="2024-05-20T20:37:28 IST" duration-ms="1" status="PASS">
          <reporter-output>
          </reporter-output>
        </test-method> <!-- setup -->
        <test-method signature="monthlyentity()[pri:42, instance:com.qa.tests.DataExchangeAdmin@6f46426d]" started-at="2024-05-20T20:37:28 IST" name="monthlyentity" finished-at="2024-05-20T20:37:29 IST" duration-ms="1021" status="PASS">
          <reporter-output>
          </reporter-output>
        </test-method> <!-- monthlyentity -->
        <test-method is-config="true" signature="setup()[pri:0, instance:com.qa.tests.DataExchangeAdmin@6f46426d]" started-at="2024-05-20T20:37:29 IST" name="setup" finished-at="2024-05-20T20:37:29 IST" duration-ms="1" status="PASS">
          <reporter-output>
          </reporter-output>
        </test-method> <!-- setup -->
        <test-method signature="monthlyindividual()[pri:43, instance:com.qa.tests.DataExchangeAdmin@6f46426d]" started-at="2024-05-20T20:37:29 IST" name="monthlyindividual" finished-at="2024-05-20T20:37:30 IST" duration-ms="1385" status="PASS">
          <reporter-output>
          </reporter-output>
        </test-method> <!-- monthlyindividual -->
        <test-method is-config="true" signature="setup()[pri:0, instance:com.qa.tests.DataExchangeAdmin@6f46426d]" started-at="2024-05-20T20:37:30 IST" name="setup" finished-at="2024-05-20T20:37:30 IST" duration-ms="1" status="PASS">
          <reporter-output>
          </reporter-output>
        </test-method> <!-- setup -->
        <test-method signature="downloadreport()[pri:44, instance:com.qa.tests.DataExchangeAdmin@6f46426d]" started-at="2024-05-20T20:37:30 IST" name="downloadreport" finished-at="2024-05-20T20:37:32 IST" duration-ms="1219" status="PASS">
          <reporter-output>
          </reporter-output>
        </test-method> <!-- downloadreport -->
        <test-method is-config="true" signature="setup()[pri:0, instance:com.qa.tests.DataExchangeAdmin@6f46426d]" started-at="2024-05-20T20:37:32 IST" name="setup" finished-at="2024-05-20T20:37:32 IST" duration-ms="1" status="PASS">
          <reporter-output>
          </reporter-output>
        </test-method> <!-- setup -->
        <test-method signature="total_workflow()[pri:45, instance:com.qa.tests.DataExchangeAdmin@6f46426d]" started-at="2024-05-20T20:37:32 IST" name="total_workflow" finished-at="2024-05-20T20:37:33 IST" duration-ms="1213" status="PASS">
          <reporter-output>
          </reporter-output>
        </test-method> <!-- total_workflow -->
        <test-method is-config="true" signature="setup()[pri:0, instance:com.qa.tests.DataExchangeAdmin@6f46426d]" started-at="2024-05-20T20:37:33 IST" name="setup" finished-at="2024-05-20T20:37:33 IST" duration-ms="0" status="PASS">
          <reporter-output>
          </reporter-output>
        </test-method> <!-- setup -->
        <test-method signature="workflow_by_id()[pri:45, instance:com.qa.tests.DataExchangeAdmin@6f46426d]" started-at="2024-05-20T20:37:33 IST" name="workflow_by_id" finished-at="2024-05-20T20:37:34 IST" duration-ms="1115" status="FAIL">
          <exception class="java.lang.AssertionError">
            <message>
              <![CDATA[status code is not 200 expected [200] but found [400]]]>
            </message>
            <full-stacktrace>
              <![CDATA[java.lang.AssertionError: status code is not 200 expected [200] but found [400]
at org.testng.Assert.fail(Assert.java:97)
at org.testng.Assert.assertEqualsImpl(Assert.java:136)
at org.testng.Assert.assertEquals(Assert.java:118)
at org.testng.Assert.assertEquals(Assert.java:839)
at com.qa.tests.DataExchangeAdmin.workflow_by_id(DataExchangeAdmin.java:1547)
at java.base/jdk.internal.reflect.NativeMethodAccessorImpl.invoke0(Native Method)
at java.base/jdk.internal.reflect.NativeMethodAccessorImpl.invoke(NativeMethodAccessorImpl.java:77)
at java.base/jdk.internal.reflect.DelegatingMethodAccessorImpl.invoke(DelegatingMethodAccessorImpl.java:43)
at java.base/java.lang.reflect.Method.invoke(Method.java:568)
at org.testng.internal.MethodInvocationHelper.invokeMethod(MethodInvocationHelper.java:134)
at org.testng.internal.TestInvoker.invokeMethod(TestInvoker.java:597)
at org.testng.internal.TestInvoker.invokeTestMethod(TestInvoker.java:173)
at org.testng.internal.MethodRunner.runInSequence(MethodRunner.java:46)
at org.testng.internal.TestInvoker$MethodInvocationAgent.invoke(TestInvoker.java:816)
at org.testng.internal.TestInvoker.invokeTestMethods(TestInvoker.java:146)
at org.testng.internal.TestMethodWorker.invokeTestMethods(TestMethodWorker.java:146)
at org.testng.internal.TestMethodWorker.run(TestMethodWorker.java:128)
at java.base/java.util.ArrayList.forEach(ArrayList.java:1511)
at org.testng.TestRunner.privateRun(TestRunner.java:766)
at org.testng.TestRunner.run(TestRunner.java:587)
at org.testng.SuiteRunner.runTest(SuiteRunner.java:384)
at org.testng.SuiteRunner.runSequentially(SuiteRunner.java:378)
at org.testng.SuiteRunner.privateRun(SuiteRunner.java:337)
at org.testng.SuiteRunner.run(SuiteRunner.java:286)
at org.testng.SuiteRunnerWorker.runSuite(SuiteRunnerWorker.java:53)
at org.testng.SuiteRunnerWorker.run(SuiteRunnerWorker.java:96)
at org.testng.TestNG.runSuitesSequentially(TestNG.java:1187)
at org.testng.TestNG.runSuitesLocally(TestNG.java:1109)
at org.testng.TestNG.runSuites(TestNG.java:1039)
at org.testng.TestNG.run(TestNG.java:1007)
at org.testng.remote.AbstractRemoteTestNG.run(AbstractRemoteTestNG.java:115)
at org.testng.remote.RemoteTestNG.initAndRun(RemoteTestNG.java:251)
at org.testng.remote.RemoteTestNG.main(RemoteTestNG.java:77)
]]>
            </full-stacktrace>
          </exception> <!-- java.lang.AssertionError -->
          <reporter-output>
          </reporter-output>
        </test-method> <!-- workflow_by_id -->
        <test-method is-config="true" signature="setup()[pri:0, instance:com.qa.tests.DataExchangeAdmin@6f46426d]" started-at="2024-05-20T20:37:34 IST" name="setup" finished-at="2024-05-20T20:37:34 IST" duration-ms="1" status="PASS">
          <reporter-output>
          </reporter-output>
        </test-method> <!-- setup -->
        <test-method signature="workflow_client()[pri:48, instance:com.qa.tests.DataExchangeAdmin@6f46426d]" started-at="2024-05-20T20:37:34 IST" name="workflow_client" finished-at="2024-05-20T20:37:35 IST" duration-ms="1063" status="PASS">
          <reporter-output>
          </reporter-output>
        </test-method> <!-- workflow_client -->
      </class> <!-- com.qa.tests.DataExchangeAdmin -->
    </test> <!-- DataExchangeAdmin -->
  </suite> <!-- IDEAL -->
</testng-results>
